<?xml version="1.0" encoding="UTF-8"?>
<!--
    Licensed to the Apache Software Foundation (ASF) under one or more
    contributor license agreements.  See the NOTICE file distributed with
    this work for additional information regarding copyright ownership.
    The ASF licenses this file to You under the Apache License, Version 2.0
    (the "License"); you may not use this file except in compliance with
    the License.  You may obtain a copy of the License at

       http://www.apache.org/licenses/LICENSE-2.0

    Unless required by applicable law or agreed to in writing, software
    distributed under the License is distributed on an "AS IS" BASIS,
    WITHOUT WARRANTIES OR CONDITIONS OF ANY KIND, either express or implied.
    See the License for the specific language governing permissions and
    limitations under the License.
-->
<blueprint xmlns="http://www.osgi.org/xmlns/blueprint/v1.0.0"
            xmlns:xsi="http://www.w3.org/2001/XMLSchema-instance"
            xsi:schemaLocation="http://www.osgi.org/xmlns/blueprint/v1.0.0"
            default-availability="mandatory" >

    <bean id="method" class="org.apache.aries.blueprint.pojos.PojoGenerics">
        <property name="list">
            <list>
                <value>10</value>
                <value>20</value>
                <value>50</value>
            </list>
        </property>
        <property name="set">
            <set>
                <value>1000</value>
                <value>2000</value>
                <value>5000</value>
            </set>
        </property>
        <property name="map">
            <map>
                <entry key="1" value="yes"/>
                <entry key="2" value="no" />
                <entry>
                     <key><value>5</value></key>
                     <value>true</value>
                </entry>
            </map>
        </property>        
    </bean>
    
    <bean id="constructorList" class="org.apache.aries.blueprint.pojos.PojoGenerics">
        <argument type="java.util.List">
            <list>
                <value>10</value>
                <value>20</value>
                <value>50</value>
            </list>
        </argument>      
    </bean>
    
    <bean id="constructorSet" class="org.apache.aries.blueprint.pojos.PojoGenerics">
       <argument type="java.util.Set">
            <set>
                <value>1000</value>
                <value>2000</value>
                <value>5000</value>
            </set>
        </argument>
    </bean>
    
    <bean id="constructorMap" class="org.apache.aries.blueprint.pojos.PojoGenerics">
        <argument>
            <map>
                <entry key="1" value="yes"/>
                <entry key="2" value="no" />
                <entry>
                     <key><value>5</value></key>
                     <value>true</value>
                </entry>
            </map>
        </argument>
    </bean>
    
		<bean id="genericPojoFactory" class="org.apache.aries.blueprint.pojos.PrimaveraFactory" />
		<bean id="genericPojo" factory-ref="genericPojoFactory" factory-method="getObject">
				<property name="property" value="string" />
		</bean>

		<bean id="doubleGenericPojo" factory-ref="genericPojoFactory" factory-method="getObject">
	    	<property name="property" value="stringToo" />
		</bean>
    
</blueprint>
