<?xml version="1.0" encoding="UTF-8"?>
<!--
    Licensed to the Apache Software Foundation (ASF) under one or more
    contributor license agreements.  See the NOTICE file distributed with
    this work for additional information regarding copyright ownership.
    The ASF licenses this file to You under the Apache License, Version 2.0
    (the "License"); you may not use this file except in compliance with
    the License.  You may obtain a copy of the License at

       http://www.apache.org/licenses/LICENSE-2.0

    Unless required by applicable law or agreed to in writing, software
    distributed under the License is distributed on an "AS IS" BASIS,
    WITHOUT WARRANTIES OR CONDITIONS OF ANY KIND, either express or implied.
    See the License for the specific language governing permissions and
    limitations under the License.
-->
<blueprint xmlns="http://www.osgi.org/xmlns/blueprint/v1.0.0"
            xmlns:xsi="http://www.w3.org/2001/XMLSchema-instance"
            xsi:schemaLocation="http://www.osgi.org/xmlns/blueprint/v1.0.0"
            default-availability="mandatory" >

    <bean id="pojoB" class="org.apache.aries.blueprint.pojos.PojoB">
        <argument value="urn:myuri" />
        <argument value="10" />
    </bean>
    
    <bean id="pojoA" class="org.apache.aries.blueprint.pojos.PojoA">
        <argument ref="pojoB" />
        <property name="number">
            <value type="java.math.BigInteger">10</value>
        </property>
    </bean>

    <bean id="pojoC" class="org.apache.aries.blueprint.pojos.PojoB" factory-method = "createStatic" >
        <argument><value type="int">15</value></argument>
        <argument value="urn:myuri" />
    </bean>
    
    <bean id="pojoD" class="org.apache.aries.blueprint.pojos.PojoB" factory-method = "createStatic" >
        <argument value="15" index = "1" />
        <argument value="urn:myuri" index = "0" />
    </bean>
    
    <bean id="pojoE" factory-method = "createDynamic" factory-ref = "pojoB" >
        <argument><value type="int">20</value></argument>
        <argument value="urn:myuri" />
    </bean>
    
    <bean id="multipleInt" class="org.apache.aries.blueprint.pojos.Multiple">
        <argument type="int" value="123"/>
    </bean>
    
    <bean id="multipleInteger" class="org.apache.aries.blueprint.pojos.Multiple">
        <argument type="java.lang.Integer" value="123"/>
    </bean>
    
    <bean id="multipleString" class="org.apache.aries.blueprint.pojos.Multiple">
        <argument type="java.lang.String" value="123"/>
    </bean>
    
    <bean id="multipleStringConvertable" class="org.apache.aries.blueprint.pojos.Multiple">
        <argument value="hello"/>
    </bean>
    
    <bean id="multipleFactory1" class="org.apache.aries.blueprint.pojos.Multiple"
          factory-method = "create" >
        <argument value="hello"/>
        <argument value="1234"/>
    </bean>
        
    <bean id="multipleFactory2" class="org.apache.aries.blueprint.pojos.Multiple"
          factory-method = "create" >
        <argument value="helloCreate"/>
        <argument value="yes"/>
    </bean>

    <bean id="multipleFactoryNull" class="org.apache.aries.blueprint.pojos.Multiple"
          factory-method = "create" >
        <argument value="helloNull"/>
        <argument><null/></argument>
    </bean>
    
     <bean id="multipleFactoryTypedNull" class="org.apache.aries.blueprint.pojos.Multiple"
          factory-method = "create" >
        <argument value="hello"/>
        <argument type = "java.lang.Boolean"><null/></argument>
    </bean>
    
    <bean id="mapConstruction" class="org.apache.aries.blueprint.pojos.Multiple">
        <argument>
            <map>
                <entry key="a" value="b"/>
            </map>
        </argument>
    </bean>

    <bean id="propsConstruction" class="org.apache.aries.blueprint.pojos.Multiple">
        <argument>
            <props>
                <prop key="a" value="b"/>
            </props>
        </argument>
    </bean>

    <bean id="booleanPrim" class="org.apache.aries.blueprint.pojos.BeanF">
        <argument><value type="boolean">no</value></argument>
    </bean>

    <bean id="booleanWrapped" class="org.apache.aries.blueprint.pojos.BeanF">
        <argument type="java.lang.Boolean" value="no" />
    </bean>

</blueprint>
